2020-07-29 00:09:01.173 [main] INFO  com.xieyue.jwt.JwtApplication - Starting JwtApplication on DESKTOP-XY with PID 7820 (D:\Git\jwt\target\classes started by XieYue in D:\Git\jwt)
2020-07-29 00:09:01.182 [main] INFO  com.xieyue.jwt.JwtApplication - No active profile set, falling back to default profiles: default
2020-07-29 00:09:02.056 [main] INFO  o.s.i.c.DefaultConfiguringBeanFactoryPostProcessor - No bean named 'errorChannel' has been explicitly defined. Therefore, a default PublishSubscribeChannel will be created.
2020-07-29 00:09:02.062 [main] INFO  o.s.i.c.DefaultConfiguringBeanFactoryPostProcessor - No bean named 'taskScheduler' has been explicitly defined. Therefore, a default ThreadPoolTaskScheduler will be created.
2020-07-29 00:09:02.066 [main] INFO  o.s.i.c.DefaultConfiguringBeanFactoryPostProcessor - No bean named 'integrationHeaderChannelRegistry' has been explicitly defined. Therefore, a default DefaultHeaderChannelRegistry will be created.
2020-07-29 00:09:02.173 [main] INFO  o.s.c.s.PostProcessorRegistrationDelegate$BeanPostProcessorChecker - Bean 'org.springframework.integration.config.IntegrationManagementConfiguration' of type [org.springframework.integration.config.IntegrationManagementConfiguration] is not eligible for getting processed by all BeanPostProcessors (for example: not eligible for auto-proxying)
2020-07-29 00:09:02.180 [main] INFO  o.s.c.s.PostProcessorRegistrationDelegate$BeanPostProcessorChecker - Bean 'integrationChannelResolver' of type [org.springframework.integration.support.channel.BeanFactoryChannelResolver] is not eligible for getting processed by all BeanPostProcessors (for example: not eligible for auto-proxying)
2020-07-29 00:09:02.181 [main] INFO  o.s.c.s.PostProcessorRegistrationDelegate$BeanPostProcessorChecker - Bean 'integrationDisposableAutoCreatedBeans' of type [org.springframework.integration.config.annotation.Disposables] is not eligible for getting processed by all BeanPostProcessors (for example: not eligible for auto-proxying)
2020-07-29 00:09:02.357 [main] INFO  o.s.boot.web.embedded.tomcat.TomcatWebServer - Tomcat initialized with port(s): 8010 (http)
2020-07-29 00:09:02.364 [main] INFO  org.apache.coyote.http11.Http11NioProtocol - Initializing ProtocolHandler ["http-nio-8010"]
2020-07-29 00:09:02.365 [main] INFO  org.apache.catalina.core.StandardService - Starting service [Tomcat]
2020-07-29 00:09:02.365 [main] INFO  org.apache.catalina.core.StandardEngine - Starting Servlet engine: [Apache Tomcat/9.0.33]
2020-07-29 00:09:02.435 [main] INFO  o.a.c.core.ContainerBase.[Tomcat].[localhost].[/] - Initializing Spring embedded WebApplicationContext
2020-07-29 00:09:02.436 [main] INFO  org.springframework.web.context.ContextLoader - Root WebApplicationContext: initialization completed in 1198 ms
2020-07-29 00:09:02.557 [main] INFO  o.s.scheduling.concurrent.ThreadPoolTaskExecutor - Initializing ExecutorService 'clientInboundChannelExecutor'
2020-07-29 00:09:02.561 [main] INFO  o.s.scheduling.concurrent.ThreadPoolTaskExecutor - Initializing ExecutorService 'clientOutboundChannelExecutor'
2020-07-29 00:09:02.582 [main] INFO  com.xieyue.jwt.config.mqtt.MqttAutoConfiguration - 初始化mqtt, channel channel1, 配置 MqttProperties.Config(url=[tcp://139.159.156.48:1883], timeout=60, kepAliveInterval=60, qos=[0], topics=[/topic/test/msg], username=szdx, password=szdx123, clientIdPrefix=zkyc_tech_channel1_, async=true) 
2020-07-29 00:09:02.714 [main] INFO  com.xieyue.jwt.config.mqtt.MqttAutoConfiguration - 初始化mqtt Channel Adapter
2020-07-29 00:09:02.715 [main] INFO  com.xieyue.jwt.config.mqtt.MqttAutoConfiguration - 初始化mqtt MqttPahoMessageHandler
2020-07-29 00:09:02.744 [main] INFO  com.xieyue.jwt.config.mqtt.MqttAutoConfiguration - 初始化mqtt, channel channel2, 配置 MqttProperties.Config(url=[tcp://139.159.156.48:1883], timeout=60, kepAliveInterval=60, qos=[0, 0], topics=[/szdx/device/out/#, ndj2], username=szdx, password=szdx123, clientIdPrefix=zkyc_tech_channel2_, async=true) 
2020-07-29 00:09:02.745 [main] INFO  com.xieyue.jwt.config.mqtt.MqttAutoConfiguration - 初始化mqtt Channel Adapter
2020-07-29 00:09:02.745 [main] INFO  com.xieyue.jwt.config.mqtt.MqttAutoConfiguration - 初始化mqtt MqttPahoMessageHandler
2020-07-29 00:09:02.783 [main] INFO  o.s.scheduling.concurrent.ThreadPoolTaskScheduler - Initializing ExecutorService 'taskScheduler'
2020-07-29 00:09:02.840 [main] INFO  o.s.scheduling.concurrent.ThreadPoolTaskScheduler - Shutting down ExecutorService 'taskScheduler'
2020-07-29 00:09:02.841 [main] INFO  o.s.scheduling.concurrent.ThreadPoolTaskExecutor - Shutting down ExecutorService 'clientOutboundChannelExecutor'
2020-07-29 00:09:02.841 [main] INFO  o.s.scheduling.concurrent.ThreadPoolTaskExecutor - Shutting down ExecutorService 'clientInboundChannelExecutor'
2020-07-29 00:09:02.844 [main] INFO  org.apache.catalina.core.StandardService - Stopping service [Tomcat]
2020-07-29 00:09:02.858 [main] INFO  o.s.b.a.l.ConditionEvaluationReportLoggingListener - 

Error starting ApplicationContext. To display the conditions report re-run your application with 'debug' enabled.
2020-07-29 00:11:25.072 [main] INFO  com.xieyue.jwt.JwtApplication - Starting JwtApplication on DESKTOP-XY with PID 12716 (D:\Git\jwt\target\classes started by XieYue in D:\Git\jwt)
2020-07-29 00:11:25.076 [main] INFO  com.xieyue.jwt.JwtApplication - No active profile set, falling back to default profiles: default
2020-07-29 00:11:25.905 [main] INFO  o.s.i.c.DefaultConfiguringBeanFactoryPostProcessor - No bean named 'errorChannel' has been explicitly defined. Therefore, a default PublishSubscribeChannel will be created.
2020-07-29 00:11:25.911 [main] INFO  o.s.i.c.DefaultConfiguringBeanFactoryPostProcessor - No bean named 'taskScheduler' has been explicitly defined. Therefore, a default ThreadPoolTaskScheduler will be created.
2020-07-29 00:11:25.915 [main] INFO  o.s.i.c.DefaultConfiguringBeanFactoryPostProcessor - No bean named 'integrationHeaderChannelRegistry' has been explicitly defined. Therefore, a default DefaultHeaderChannelRegistry will be created.
2020-07-29 00:11:26.044 [main] INFO  o.s.c.s.PostProcessorRegistrationDelegate$BeanPostProcessorChecker - Bean 'org.springframework.integration.config.IntegrationManagementConfiguration' of type [org.springframework.integration.config.IntegrationManagementConfiguration] is not eligible for getting processed by all BeanPostProcessors (for example: not eligible for auto-proxying)
2020-07-29 00:11:26.053 [main] INFO  o.s.c.s.PostProcessorRegistrationDelegate$BeanPostProcessorChecker - Bean 'integrationChannelResolver' of type [org.springframework.integration.support.channel.BeanFactoryChannelResolver] is not eligible for getting processed by all BeanPostProcessors (for example: not eligible for auto-proxying)
2020-07-29 00:11:26.055 [main] INFO  o.s.c.s.PostProcessorRegistrationDelegate$BeanPostProcessorChecker - Bean 'integrationDisposableAutoCreatedBeans' of type [org.springframework.integration.config.annotation.Disposables] is not eligible for getting processed by all BeanPostProcessors (for example: not eligible for auto-proxying)
2020-07-29 00:11:26.264 [main] INFO  o.s.boot.web.embedded.tomcat.TomcatWebServer - Tomcat initialized with port(s): 8010 (http)
2020-07-29 00:11:26.272 [main] INFO  org.apache.coyote.http11.Http11NioProtocol - Initializing ProtocolHandler ["http-nio-8010"]
2020-07-29 00:11:26.273 [main] INFO  org.apache.catalina.core.StandardService - Starting service [Tomcat]
2020-07-29 00:11:26.273 [main] INFO  org.apache.catalina.core.StandardEngine - Starting Servlet engine: [Apache Tomcat/9.0.33]
2020-07-29 00:11:26.342 [main] INFO  o.a.c.core.ContainerBase.[Tomcat].[localhost].[/] - Initializing Spring embedded WebApplicationContext
2020-07-29 00:11:26.342 [main] INFO  org.springframework.web.context.ContextLoader - Root WebApplicationContext: initialization completed in 1214 ms
2020-07-29 00:11:26.464 [main] INFO  o.s.scheduling.concurrent.ThreadPoolTaskExecutor - Initializing ExecutorService 'clientInboundChannelExecutor'
2020-07-29 00:11:26.473 [main] INFO  o.s.scheduling.concurrent.ThreadPoolTaskExecutor - Initializing ExecutorService 'clientOutboundChannelExecutor'
2020-07-29 00:11:26.499 [main] INFO  com.xieyue.jwt.config.mqtt.MqttAutoConfiguration - 初始化mqtt, channel channel1, 配置 MqttProperties.Config(url=[tcp://139.159.156.48:1883], timeout=60, kepAliveInterval=60, qos=[0], topics=[/topic/test/msg], username=szdx, password=szdx123, clientIdPrefix=zkyc_tech_channel1_, async=true) 
2020-07-29 00:11:26.633 [main] INFO  com.xieyue.jwt.config.mqtt.MqttAutoConfiguration - 初始化mqtt Channel Adapter
2020-07-29 00:11:26.634 [main] INFO  com.xieyue.jwt.config.mqtt.MqttAutoConfiguration - 初始化mqtt MqttPahoMessageHandler
2020-07-29 00:11:26.662 [main] INFO  com.xieyue.jwt.config.mqtt.MqttAutoConfiguration - 初始化mqtt, channel channel2, 配置 MqttProperties.Config(url=[tcp://139.159.156.48:1883], timeout=60, kepAliveInterval=60, qos=[0, 0], topics=[/szdx/device/out/#, ndj2], username=szdx, password=szdx123, clientIdPrefix=zkyc_tech_channel2_, async=true) 
2020-07-29 00:11:26.663 [main] INFO  com.xieyue.jwt.config.mqtt.MqttAutoConfiguration - 初始化mqtt Channel Adapter
2020-07-29 00:11:26.663 [main] INFO  com.xieyue.jwt.config.mqtt.MqttAutoConfiguration - 初始化mqtt MqttPahoMessageHandler
2020-07-29 00:11:26.703 [main] INFO  o.s.scheduling.concurrent.ThreadPoolTaskScheduler - Initializing ExecutorService 'taskScheduler'
2020-07-29 00:11:26.940 [main] INFO  com.xieyue.jwt.config.ThreadPoolExecutorConfig - start asyncServiceExecutor
2020-07-29 00:11:26.949 [main] INFO  o.s.scheduling.concurrent.ThreadPoolTaskScheduler - Initializing ExecutorService 'messageBrokerTaskScheduler'
2020-07-29 00:11:26.977 [main] INFO  o.s.scheduling.concurrent.ThreadPoolTaskExecutor - Initializing ExecutorService 'brokerChannelExecutor'
2020-07-29 00:11:27.286 [main] INFO  t.mybatis.mapper.autoconfigure.MapperCacheDisabler - Clear tk.mybatis.mapper.util.MsUtil CLASS_CACHE cache.
2020-07-29 00:11:27.287 [main] INFO  t.mybatis.mapper.autoconfigure.MapperCacheDisabler - Clear tk.mybatis.mapper.genid.GenIdUtil CACHE cache.
2020-07-29 00:11:27.287 [main] INFO  t.mybatis.mapper.autoconfigure.MapperCacheDisabler - Clear tk.mybatis.mapper.version.VersionUtil CACHE cache.
2020-07-29 00:11:27.287 [main] INFO  t.mybatis.mapper.autoconfigure.MapperCacheDisabler - Clear EntityHelper entityTableMap cache.
2020-07-29 00:11:27.462 [main] INFO  o.s.integration.endpoint.EventDrivenConsumer - Adding {logging-channel-adapter:_org.springframework.integration.errorLogger} as a subscriber to the 'errorChannel' channel
2020-07-29 00:11:27.463 [main] INFO  o.s.integration.channel.PublishSubscribeChannel - Channel 'application.errorChannel' has 1 subscriber(s).
2020-07-29 00:11:27.463 [main] INFO  o.s.integration.endpoint.EventDrivenConsumer - started bean '_org.springframework.integration.errorLogger'
2020-07-29 00:11:27.463 [main] INFO  o.s.integration.endpoint.EventDrivenConsumer - Adding {service-activator:mqtt2MessageHandler.handleMessage.serviceActivator} as a subscriber to the 'channel2' channel
2020-07-29 00:11:27.463 [main] INFO  o.s.integration.channel.DirectChannel - Channel 'application.channel2' has 1 subscriber(s).
2020-07-29 00:11:27.463 [main] INFO  o.s.integration.endpoint.EventDrivenConsumer - started bean 'mqtt2MessageHandler.handleMessage.serviceActivator'
2020-07-29 00:11:27.463 [main] INFO  o.s.integration.endpoint.EventDrivenConsumer - Adding {service-activator:mqttMessageHandler.handleMessage.serviceActivator} as a subscriber to the 'channel1' channel
2020-07-29 00:11:27.463 [main] INFO  o.s.integration.channel.DirectChannel - Channel 'application.channel1' has 1 subscriber(s).
2020-07-29 00:11:27.463 [main] INFO  o.s.integration.endpoint.EventDrivenConsumer - started bean 'mqttMessageHandler.handleMessage.serviceActivator'
2020-07-29 00:11:27.463 [main] INFO  o.s.i.g.GatewayProxyFactoryBean$MethodInvocationGateway - started bean 'mqttGateway'
2020-07-29 00:11:27.463 [main] INFO  o.s.i.g.GatewayProxyFactoryBean$MethodInvocationGateway - started bean 'mqttGateway'
2020-07-29 00:11:27.463 [main] INFO  o.s.i.g.GatewayProxyFactoryBean$MethodInvocationGateway - started bean 'mqttGateway'
2020-07-29 00:11:27.463 [main] INFO  o.s.integration.gateway.GatewayProxyFactoryBean - started bean 'mqttGateway'
2020-07-29 00:11:27.937 [main] INFO  o.s.i.m.i.MqttPahoMessageDrivenChannelAdapter - started bean 'channel1MqttChannelAdapter'
2020-07-29 00:11:28.385 [main] INFO  o.s.i.m.i.MqttPahoMessageDrivenChannelAdapter - started bean 'channel2MqttChannelAdapter'
2020-07-29 00:11:28.386 [main] INFO  o.s.m.simp.broker.SimpleBrokerMessageHandler - Starting...
2020-07-29 00:11:28.387 [main] INFO  o.s.m.simp.broker.SimpleBrokerMessageHandler - BrokerAvailabilityEvent[available=true, SimpleBrokerMessageHandler [DefaultSubscriptionRegistry[cache[0 destination(s)], registry[0 sessions]]]]
2020-07-29 00:11:28.388 [main] INFO  o.s.m.simp.broker.SimpleBrokerMessageHandler - Started.
2020-07-29 00:11:28.421 [main] INFO  org.apache.coyote.http11.Http11NioProtocol - Starting ProtocolHandler ["http-nio-8010"]
2020-07-29 00:11:28.461 [main] INFO  o.s.boot.web.embedded.tomcat.TomcatWebServer - Tomcat started on port(s): 8010 (http) with context path ''
2020-07-29 00:11:28.466 [main] INFO  com.xieyue.jwt.JwtApplication - Started JwtApplication in 4.068 seconds (JVM running for 4.648)
2020-07-29 00:11:36.510 [MQTT Call: zkyc_tech_channel2_c98508527ba6428bb5ead946a9df1e52] INFO  o.s.i.handler.support.MessagingMethodInvokerHelper - Overriding default instance of MessageHandlerMethodFactory with provided one.
2020-07-29 00:11:53.177 [http-nio-8010-exec-1] INFO  o.a.c.core.ContainerBase.[Tomcat].[localhost].[/] - Initializing Spring DispatcherServlet 'dispatcherServlet'
2020-07-29 00:11:53.178 [http-nio-8010-exec-1] INFO  org.springframework.web.servlet.DispatcherServlet - Initializing Servlet 'dispatcherServlet'
2020-07-29 00:11:53.183 [http-nio-8010-exec-1] INFO  org.springframework.web.servlet.DispatcherServlet - Completed initialization in 5 ms
2020-07-29 00:11:53.206 [wodetestfactory-Thread-1] INFO  com.xieyue.jwt.thread.TaskThreadPool - beforeExecute:  thread 69 开始执行任务！-> wodetestfactory-Thread-1

2020-07-29 00:11:53.206 [wodetestfactory-Thread-0] INFO  com.xieyue.jwt.thread.TaskThreadPool - beforeExecute:  thread 68 开始执行任务！-> wodetestfactory-Thread-0

2020-07-29 00:11:53.706 [wodetestfactory-Thread-1] INFO  com.xieyue.jwt.thread.TaskThreadPool - afterExecute: 任务执行结束！-> thread com.xieyue.jwt.thread.TaskThread@1775a910 任务执行结束！-> null

2020-07-29 00:11:53.706 [wodetestfactory-Thread-0] INFO  com.xieyue.jwt.thread.TaskThreadPool - afterExecute: 任务执行结束！-> thread com.xieyue.jwt.thread.TaskThread@51c6fee9 任务执行结束！-> null

2020-07-29 00:11:53.708 [wodetestfactory-Thread-1] INFO  com.xieyue.jwt.thread.TaskThreadPool - terminated: 线程池关闭！
2020-07-29 00:12:13.837 [http-nio-8010-exec-3] INFO  com.alibaba.druid.pool.DruidDataSource - {dataSource-1} inited
2020-07-29 00:12:26.978 [MessageBroker-1] INFO  o.s.web.socket.config.WebSocketMessageBrokerStats - WebSocketSession[0 current WS(0)-HttpStream(0)-HttpPoll(0), 0 total, 0 closed abnormally (0 connect failure, 0 send limit, 0 transport error)], stompSubProtocol[processed CONNECT(0)-CONNECTED(0)-DISCONNECT(0)], stompBrokerRelay[null], inboundChannel[pool size = 0, active threads = 0, queued tasks = 0, completed tasks = 0], outboundChannel[pool size = 0, active threads = 0, queued tasks = 0, completed tasks = 0], sockJsScheduler[pool size = 1, active threads = 1, queued tasks = 0, completed tasks = 0]
2020-07-29 00:12:38.561 [SpringContextShutdownHook] INFO  o.s.m.simp.broker.SimpleBrokerMessageHandler - Stopping...
2020-07-29 00:12:38.561 [SpringContextShutdownHook] INFO  o.s.m.simp.broker.SimpleBrokerMessageHandler - BrokerAvailabilityEvent[available=false, SimpleBrokerMessageHandler [DefaultSubscriptionRegistry[cache[0 destination(s)], registry[0 sessions]]]]
2020-07-29 00:12:38.561 [SpringContextShutdownHook] INFO  o.s.m.simp.broker.SimpleBrokerMessageHandler - Stopped.
2020-07-29 00:12:43.612 [SpringContextShutdownHook] INFO  o.s.i.m.i.MqttPahoMessageDrivenChannelAdapter - stopped bean 'channel1MqttChannelAdapter'
2020-07-29 00:12:48.661 [SpringContextShutdownHook] INFO  o.s.i.m.i.MqttPahoMessageDrivenChannelAdapter - stopped bean 'channel2MqttChannelAdapter'
2020-07-29 00:12:48.662 [SpringContextShutdownHook] INFO  o.s.i.g.GatewayProxyFactoryBean$MethodInvocationGateway - stopped bean 'mqttGateway'
2020-07-29 00:12:48.663 [SpringContextShutdownHook] INFO  o.s.i.g.GatewayProxyFactoryBean$MethodInvocationGateway - stopped bean 'mqttGateway'
2020-07-29 00:12:48.663 [SpringContextShutdownHook] INFO  o.s.i.g.GatewayProxyFactoryBean$MethodInvocationGateway - stopped bean 'mqttGateway'
2020-07-29 00:12:48.663 [SpringContextShutdownHook] INFO  o.s.integration.gateway.GatewayProxyFactoryBean - stopped bean 'mqttGateway'
2020-07-29 00:12:48.664 [SpringContextShutdownHook] INFO  o.s.integration.endpoint.EventDrivenConsumer - Removing {logging-channel-adapter:_org.springframework.integration.errorLogger} as a subscriber to the 'errorChannel' channel
2020-07-29 00:12:48.664 [SpringContextShutdownHook] INFO  o.s.integration.channel.PublishSubscribeChannel - Channel 'application.errorChannel' has 0 subscriber(s).
2020-07-29 00:12:48.664 [SpringContextShutdownHook] INFO  o.s.integration.endpoint.EventDrivenConsumer - stopped bean '_org.springframework.integration.errorLogger'
2020-07-29 00:12:48.664 [SpringContextShutdownHook] INFO  o.s.integration.endpoint.EventDrivenConsumer - Removing {service-activator:mqtt2MessageHandler.handleMessage.serviceActivator} as a subscriber to the 'channel2' channel
2020-07-29 00:12:48.664 [SpringContextShutdownHook] INFO  o.s.integration.channel.DirectChannel - Channel 'application.channel2' has 0 subscriber(s).
2020-07-29 00:12:48.665 [SpringContextShutdownHook] INFO  o.s.integration.endpoint.EventDrivenConsumer - stopped bean 'mqtt2MessageHandler.handleMessage.serviceActivator'
2020-07-29 00:12:48.665 [SpringContextShutdownHook] INFO  o.s.integration.endpoint.EventDrivenConsumer - Removing {service-activator:mqttMessageHandler.handleMessage.serviceActivator} as a subscriber to the 'channel1' channel
2020-07-29 00:12:48.665 [SpringContextShutdownHook] INFO  o.s.integration.channel.DirectChannel - Channel 'application.channel1' has 0 subscriber(s).
2020-07-29 00:12:48.665 [SpringContextShutdownHook] INFO  o.s.integration.endpoint.EventDrivenConsumer - stopped bean 'mqttMessageHandler.handleMessage.serviceActivator'
2020-07-29 00:12:48.671 [SpringContextShutdownHook] INFO  o.s.scheduling.concurrent.ThreadPoolTaskExecutor - Shutting down ExecutorService 'brokerChannelExecutor'
2020-07-29 00:12:48.672 [SpringContextShutdownHook] INFO  o.s.scheduling.concurrent.ThreadPoolTaskScheduler - Shutting down ExecutorService 'messageBrokerTaskScheduler'
2020-07-29 00:12:48.677 [SpringContextShutdownHook] INFO  com.alibaba.druid.pool.DruidDataSource - {dataSource-1} closed
2020-07-29 00:12:48.678 [SpringContextShutdownHook] INFO  o.s.scheduling.concurrent.ThreadPoolTaskScheduler - Shutting down ExecutorService 'taskScheduler'
2020-07-29 00:12:48.679 [SpringContextShutdownHook] INFO  o.s.scheduling.concurrent.ThreadPoolTaskExecutor - Shutting down ExecutorService 'clientOutboundChannelExecutor'
2020-07-29 00:12:48.679 [SpringContextShutdownHook] INFO  o.s.scheduling.concurrent.ThreadPoolTaskExecutor - Shutting down ExecutorService 'clientInboundChannelExecutor'
2020-07-29 00:17:30.815 [main] INFO  com.xieyue.jwt.JwtApplication - Starting JwtApplication on DESKTOP-XY with PID 7104 (D:\Git\jwt\target\classes started by XieYue in D:\Git\jwt)
2020-07-29 00:17:30.866 [main] INFO  com.xieyue.jwt.JwtApplication - No active profile set, falling back to default profiles: default
2020-07-29 00:17:31.611 [main] INFO  o.s.i.c.DefaultConfiguringBeanFactoryPostProcessor - No bean named 'errorChannel' has been explicitly defined. Therefore, a default PublishSubscribeChannel will be created.
2020-07-29 00:17:31.618 [main] INFO  o.s.i.c.DefaultConfiguringBeanFactoryPostProcessor - No bean named 'taskScheduler' has been explicitly defined. Therefore, a default ThreadPoolTaskScheduler will be created.
2020-07-29 00:17:31.622 [main] INFO  o.s.i.c.DefaultConfiguringBeanFactoryPostProcessor - No bean named 'integrationHeaderChannelRegistry' has been explicitly defined. Therefore, a default DefaultHeaderChannelRegistry will be created.
2020-07-29 00:17:31.726 [main] INFO  o.s.c.s.PostProcessorRegistrationDelegate$BeanPostProcessorChecker - Bean 'org.springframework.integration.config.IntegrationManagementConfiguration' of type [org.springframework.integration.config.IntegrationManagementConfiguration] is not eligible for getting processed by all BeanPostProcessors (for example: not eligible for auto-proxying)
2020-07-29 00:17:31.732 [main] INFO  o.s.c.s.PostProcessorRegistrationDelegate$BeanPostProcessorChecker - Bean 'integrationChannelResolver' of type [org.springframework.integration.support.channel.BeanFactoryChannelResolver] is not eligible for getting processed by all BeanPostProcessors (for example: not eligible for auto-proxying)
2020-07-29 00:17:31.734 [main] INFO  o.s.c.s.PostProcessorRegistrationDelegate$BeanPostProcessorChecker - Bean 'integrationDisposableAutoCreatedBeans' of type [org.springframework.integration.config.annotation.Disposables] is not eligible for getting processed by all BeanPostProcessors (for example: not eligible for auto-proxying)
2020-07-29 00:17:31.910 [main] INFO  o.s.boot.web.embedded.tomcat.TomcatWebServer - Tomcat initialized with port(s): 8010 (http)
2020-07-29 00:17:31.918 [main] INFO  org.apache.coyote.http11.Http11NioProtocol - Initializing ProtocolHandler ["http-nio-8010"]
2020-07-29 00:17:31.918 [main] INFO  org.apache.catalina.core.StandardService - Starting service [Tomcat]
2020-07-29 00:17:31.918 [main] INFO  org.apache.catalina.core.StandardEngine - Starting Servlet engine: [Apache Tomcat/9.0.33]
2020-07-29 00:17:31.987 [main] INFO  o.a.c.core.ContainerBase.[Tomcat].[localhost].[/] - Initializing Spring embedded WebApplicationContext
2020-07-29 00:17:31.988 [main] INFO  org.springframework.web.context.ContextLoader - Root WebApplicationContext: initialization completed in 1073 ms
2020-07-29 00:17:32.113 [main] INFO  o.s.scheduling.concurrent.ThreadPoolTaskExecutor - Initializing ExecutorService 'clientInboundChannelExecutor'
2020-07-29 00:17:32.117 [main] INFO  o.s.scheduling.concurrent.ThreadPoolTaskExecutor - Initializing ExecutorService 'clientOutboundChannelExecutor'
2020-07-29 00:17:32.139 [main] INFO  com.xieyue.jwt.config.mqtt.MqttAutoConfiguration - 初始化mqtt, channel channel1, 配置 MqttProperties.Config(url=[tcp://139.159.156.48:1883], timeout=60, kepAliveInterval=60, qos=[0], topics=[/topic/test/msg], username=szdx, password=szdx123, clientIdPrefix=zkyc_tech_channel1_, async=true) 
2020-07-29 00:17:32.194 [main] INFO  com.xieyue.jwt.config.mqtt.MqttAutoConfiguration - 初始化mqtt Channel Adapter
2020-07-29 00:17:32.195 [main] INFO  com.xieyue.jwt.config.mqtt.MqttAutoConfiguration - 初始化mqtt MqttPahoMessageHandler
2020-07-29 00:17:32.224 [main] INFO  com.xieyue.jwt.config.mqtt.MqttAutoConfiguration - 初始化mqtt, channel channel2, 配置 MqttProperties.Config(url=[tcp://139.159.156.48:1883], timeout=60, kepAliveInterval=60, qos=[0, 0], topics=[/szdx/device/out/#, ndj2], username=szdx, password=szdx123, clientIdPrefix=zkyc_tech_channel2_, async=true) 
2020-07-29 00:17:32.225 [main] INFO  com.xieyue.jwt.config.mqtt.MqttAutoConfiguration - 初始化mqtt Channel Adapter
2020-07-29 00:17:32.225 [main] INFO  com.xieyue.jwt.config.mqtt.MqttAutoConfiguration - 初始化mqtt MqttPahoMessageHandler
2020-07-29 00:17:32.264 [main] INFO  o.s.scheduling.concurrent.ThreadPoolTaskScheduler - Initializing ExecutorService 'taskScheduler'
2020-07-29 00:17:32.589 [main] INFO  com.xieyue.jwt.config.ThreadPoolExecutorConfig - start asyncServiceExecutor
2020-07-29 00:17:32.598 [main] INFO  o.s.scheduling.concurrent.ThreadPoolTaskScheduler - Initializing ExecutorService 'messageBrokerTaskScheduler'
2020-07-29 00:17:32.626 [main] INFO  o.s.scheduling.concurrent.ThreadPoolTaskExecutor - Initializing ExecutorService 'brokerChannelExecutor'
2020-07-29 00:17:32.891 [main] INFO  t.mybatis.mapper.autoconfigure.MapperCacheDisabler - Clear tk.mybatis.mapper.util.MsUtil CLASS_CACHE cache.
2020-07-29 00:17:32.891 [main] INFO  t.mybatis.mapper.autoconfigure.MapperCacheDisabler - Clear tk.mybatis.mapper.genid.GenIdUtil CACHE cache.
2020-07-29 00:17:32.892 [main] INFO  t.mybatis.mapper.autoconfigure.MapperCacheDisabler - Clear tk.mybatis.mapper.version.VersionUtil CACHE cache.
2020-07-29 00:17:32.892 [main] INFO  t.mybatis.mapper.autoconfigure.MapperCacheDisabler - Clear EntityHelper entityTableMap cache.
2020-07-29 00:17:33.045 [main] INFO  o.s.integration.endpoint.EventDrivenConsumer - Adding {logging-channel-adapter:_org.springframework.integration.errorLogger} as a subscriber to the 'errorChannel' channel
2020-07-29 00:17:33.045 [main] INFO  o.s.integration.channel.PublishSubscribeChannel - Channel 'application.errorChannel' has 1 subscriber(s).
2020-07-29 00:17:33.045 [main] INFO  o.s.integration.endpoint.EventDrivenConsumer - started bean '_org.springframework.integration.errorLogger'
2020-07-29 00:17:33.045 [main] INFO  o.s.integration.endpoint.EventDrivenConsumer - Adding {service-activator:mqtt2MessageHandler.handleMessage.serviceActivator} as a subscriber to the 'channel2' channel
2020-07-29 00:17:33.045 [main] INFO  o.s.integration.channel.DirectChannel - Channel 'application.channel2' has 1 subscriber(s).
2020-07-29 00:17:33.045 [main] INFO  o.s.integration.endpoint.EventDrivenConsumer - started bean 'mqtt2MessageHandler.handleMessage.serviceActivator'
2020-07-29 00:17:33.045 [main] INFO  o.s.integration.endpoint.EventDrivenConsumer - Adding {service-activator:mqttMessageHandler.handleMessage.serviceActivator} as a subscriber to the 'channel1' channel
2020-07-29 00:17:33.045 [main] INFO  o.s.integration.channel.DirectChannel - Channel 'application.channel1' has 1 subscriber(s).
2020-07-29 00:17:33.045 [main] INFO  o.s.integration.endpoint.EventDrivenConsumer - started bean 'mqttMessageHandler.handleMessage.serviceActivator'
2020-07-29 00:17:33.046 [main] INFO  o.s.i.g.GatewayProxyFactoryBean$MethodInvocationGateway - started bean 'mqttGateway'
2020-07-29 00:17:33.046 [main] INFO  o.s.i.g.GatewayProxyFactoryBean$MethodInvocationGateway - started bean 'mqttGateway'
2020-07-29 00:17:33.046 [main] INFO  o.s.i.g.GatewayProxyFactoryBean$MethodInvocationGateway - started bean 'mqttGateway'
2020-07-29 00:17:33.046 [main] INFO  o.s.integration.gateway.GatewayProxyFactoryBean - started bean 'mqttGateway'
2020-07-29 00:17:33.530 [main] INFO  o.s.i.m.i.MqttPahoMessageDrivenChannelAdapter - started bean 'channel1MqttChannelAdapter'
2020-07-29 00:17:33.965 [main] INFO  o.s.i.m.i.MqttPahoMessageDrivenChannelAdapter - started bean 'channel2MqttChannelAdapter'
2020-07-29 00:17:33.966 [main] INFO  o.s.m.simp.broker.SimpleBrokerMessageHandler - Starting...
2020-07-29 00:17:33.967 [main] INFO  o.s.m.simp.broker.SimpleBrokerMessageHandler - BrokerAvailabilityEvent[available=true, SimpleBrokerMessageHandler [DefaultSubscriptionRegistry[cache[0 destination(s)], registry[0 sessions]]]]
2020-07-29 00:17:33.968 [main] INFO  o.s.m.simp.broker.SimpleBrokerMessageHandler - Started.
2020-07-29 00:17:34.004 [main] INFO  org.apache.coyote.http11.Http11NioProtocol - Starting ProtocolHandler ["http-nio-8010"]
2020-07-29 00:17:34.040 [main] INFO  o.s.boot.web.embedded.tomcat.TomcatWebServer - Tomcat started on port(s): 8010 (http) with context path ''
2020-07-29 00:17:34.043 [main] INFO  com.xieyue.jwt.JwtApplication - Started JwtApplication in 3.882 seconds (JVM running for 4.689)
2020-07-29 00:17:36.217 [MQTT Call: zkyc_tech_channel2_c7f3deab612a4920b17cf119bf354ad5] INFO  o.s.i.handler.support.MessagingMethodInvokerHelper - Overriding default instance of MessageHandlerMethodFactory with provided one.
2020-07-29 00:17:39.957 [http-nio-8010-exec-1] INFO  o.a.c.core.ContainerBase.[Tomcat].[localhost].[/] - Initializing Spring DispatcherServlet 'dispatcherServlet'
2020-07-29 00:17:39.957 [http-nio-8010-exec-1] INFO  org.springframework.web.servlet.DispatcherServlet - Initializing Servlet 'dispatcherServlet'
2020-07-29 00:17:39.962 [http-nio-8010-exec-1] INFO  org.springframework.web.servlet.DispatcherServlet - Completed initialization in 5 ms
2020-07-29 00:17:40.068 [http-nio-8010-exec-1] INFO  com.alibaba.druid.pool.DruidDataSource - {dataSource-1} inited
2020-07-29 00:17:55.843 [SpringContextShutdownHook] INFO  o.s.m.simp.broker.SimpleBrokerMessageHandler - Stopping...
2020-07-29 00:17:55.843 [SpringContextShutdownHook] INFO  o.s.m.simp.broker.SimpleBrokerMessageHandler - BrokerAvailabilityEvent[available=false, SimpleBrokerMessageHandler [DefaultSubscriptionRegistry[cache[0 destination(s)], registry[0 sessions]]]]
2020-07-29 00:17:55.843 [SpringContextShutdownHook] INFO  o.s.m.simp.broker.SimpleBrokerMessageHandler - Stopped.
2020-07-29 00:18:00.892 [SpringContextShutdownHook] INFO  o.s.i.m.i.MqttPahoMessageDrivenChannelAdapter - stopped bean 'channel1MqttChannelAdapter'
2020-07-29 00:18:05.936 [SpringContextShutdownHook] INFO  o.s.i.m.i.MqttPahoMessageDrivenChannelAdapter - stopped bean 'channel2MqttChannelAdapter'
2020-07-29 00:18:05.937 [SpringContextShutdownHook] INFO  o.s.i.g.GatewayProxyFactoryBean$MethodInvocationGateway - stopped bean 'mqttGateway'
2020-07-29 00:18:05.938 [SpringContextShutdownHook] INFO  o.s.i.g.GatewayProxyFactoryBean$MethodInvocationGateway - stopped bean 'mqttGateway'
2020-07-29 00:18:05.938 [SpringContextShutdownHook] INFO  o.s.i.g.GatewayProxyFactoryBean$MethodInvocationGateway - stopped bean 'mqttGateway'
2020-07-29 00:18:05.938 [SpringContextShutdownHook] INFO  o.s.integration.gateway.GatewayProxyFactoryBean - stopped bean 'mqttGateway'
2020-07-29 00:18:05.939 [SpringContextShutdownHook] INFO  o.s.integration.endpoint.EventDrivenConsumer - Removing {logging-channel-adapter:_org.springframework.integration.errorLogger} as a subscriber to the 'errorChannel' channel
2020-07-29 00:18:05.939 [SpringContextShutdownHook] INFO  o.s.integration.channel.PublishSubscribeChannel - Channel 'application.errorChannel' has 0 subscriber(s).
2020-07-29 00:18:05.940 [SpringContextShutdownHook] INFO  o.s.integration.endpoint.EventDrivenConsumer - stopped bean '_org.springframework.integration.errorLogger'
2020-07-29 00:18:05.940 [SpringContextShutdownHook] INFO  o.s.integration.endpoint.EventDrivenConsumer - Removing {service-activator:mqtt2MessageHandler.handleMessage.serviceActivator} as a subscriber to the 'channel2' channel
2020-07-29 00:18:05.940 [SpringContextShutdownHook] INFO  o.s.integration.channel.DirectChannel - Channel 'application.channel2' has 0 subscriber(s).
2020-07-29 00:18:05.941 [SpringContextShutdownHook] INFO  o.s.integration.endpoint.EventDrivenConsumer - stopped bean 'mqtt2MessageHandler.handleMessage.serviceActivator'
2020-07-29 00:18:05.941 [SpringContextShutdownHook] INFO  o.s.integration.endpoint.EventDrivenConsumer - Removing {service-activator:mqttMessageHandler.handleMessage.serviceActivator} as a subscriber to the 'channel1' channel
2020-07-29 00:18:05.941 [SpringContextShutdownHook] INFO  o.s.integration.channel.DirectChannel - Channel 'application.channel1' has 0 subscriber(s).
2020-07-29 00:18:05.942 [SpringContextShutdownHook] INFO  o.s.integration.endpoint.EventDrivenConsumer - stopped bean 'mqttMessageHandler.handleMessage.serviceActivator'
2020-07-29 00:18:05.949 [SpringContextShutdownHook] INFO  o.s.scheduling.concurrent.ThreadPoolTaskExecutor - Shutting down ExecutorService 'brokerChannelExecutor'
2020-07-29 00:18:05.950 [SpringContextShutdownHook] INFO  o.s.scheduling.concurrent.ThreadPoolTaskScheduler - Shutting down ExecutorService 'messageBrokerTaskScheduler'
2020-07-29 00:18:05.951 [SpringContextShutdownHook] INFO  com.xieyue.jwt.thread.TaskThreadPool - terminated: 线程池关闭！
2020-07-29 00:18:05.958 [SpringContextShutdownHook] INFO  com.alibaba.druid.pool.DruidDataSource - {dataSource-1} closed
2020-07-29 00:18:05.959 [SpringContextShutdownHook] INFO  o.s.scheduling.concurrent.ThreadPoolTaskScheduler - Shutting down ExecutorService 'taskScheduler'
2020-07-29 00:18:05.960 [SpringContextShutdownHook] INFO  o.s.scheduling.concurrent.ThreadPoolTaskExecutor - Shutting down ExecutorService 'clientOutboundChannelExecutor'
2020-07-29 00:18:05.961 [SpringContextShutdownHook] INFO  o.s.scheduling.concurrent.ThreadPoolTaskExecutor - Shutting down ExecutorService 'clientInboundChannelExecutor'
2020-07-29 00:20:15.206 [main] INFO  com.xieyue.jwt.JwtApplication - Starting JwtApplication on DESKTOP-XY with PID 3544 (D:\Git\jwt\target\classes started by XieYue in D:\Git\jwt)
2020-07-29 00:20:15.211 [main] INFO  com.xieyue.jwt.JwtApplication - No active profile set, falling back to default profiles: default
2020-07-29 00:20:15.977 [main] INFO  o.s.i.c.DefaultConfiguringBeanFactoryPostProcessor - No bean named 'errorChannel' has been explicitly defined. Therefore, a default PublishSubscribeChannel will be created.
2020-07-29 00:20:15.984 [main] INFO  o.s.i.c.DefaultConfiguringBeanFactoryPostProcessor - No bean named 'taskScheduler' has been explicitly defined. Therefore, a default ThreadPoolTaskScheduler will be created.
2020-07-29 00:20:15.988 [main] INFO  o.s.i.c.DefaultConfiguringBeanFactoryPostProcessor - No bean named 'integrationHeaderChannelRegistry' has been explicitly defined. Therefore, a default DefaultHeaderChannelRegistry will be created.
2020-07-29 00:20:16.095 [main] INFO  o.s.c.s.PostProcessorRegistrationDelegate$BeanPostProcessorChecker - Bean 'org.springframework.integration.config.IntegrationManagementConfiguration' of type [org.springframework.integration.config.IntegrationManagementConfiguration] is not eligible for getting processed by all BeanPostProcessors (for example: not eligible for auto-proxying)
2020-07-29 00:20:16.102 [main] INFO  o.s.c.s.PostProcessorRegistrationDelegate$BeanPostProcessorChecker - Bean 'integrationChannelResolver' of type [org.springframework.integration.support.channel.BeanFactoryChannelResolver] is not eligible for getting processed by all BeanPostProcessors (for example: not eligible for auto-proxying)
2020-07-29 00:20:16.104 [main] INFO  o.s.c.s.PostProcessorRegistrationDelegate$BeanPostProcessorChecker - Bean 'integrationDisposableAutoCreatedBeans' of type [org.springframework.integration.config.annotation.Disposables] is not eligible for getting processed by all BeanPostProcessors (for example: not eligible for auto-proxying)
2020-07-29 00:20:16.310 [main] INFO  o.s.boot.web.embedded.tomcat.TomcatWebServer - Tomcat initialized with port(s): 8010 (http)
2020-07-29 00:20:16.317 [main] INFO  org.apache.coyote.http11.Http11NioProtocol - Initializing ProtocolHandler ["http-nio-8010"]
2020-07-29 00:20:16.318 [main] INFO  org.apache.catalina.core.StandardService - Starting service [Tomcat]
2020-07-29 00:20:16.318 [main] INFO  org.apache.catalina.core.StandardEngine - Starting Servlet engine: [Apache Tomcat/9.0.33]
2020-07-29 00:20:16.387 [main] INFO  o.a.c.core.ContainerBase.[Tomcat].[localhost].[/] - Initializing Spring embedded WebApplicationContext
2020-07-29 00:20:16.387 [main] INFO  org.springframework.web.context.ContextLoader - Root WebApplicationContext: initialization completed in 1132 ms
2020-07-29 00:20:16.516 [main] INFO  o.s.scheduling.concurrent.ThreadPoolTaskExecutor - Initializing ExecutorService 'clientInboundChannelExecutor'
2020-07-29 00:20:16.520 [main] INFO  o.s.scheduling.concurrent.ThreadPoolTaskExecutor - Initializing ExecutorService 'clientOutboundChannelExecutor'
2020-07-29 00:20:16.542 [main] INFO  com.xieyue.jwt.config.mqtt.MqttAutoConfiguration - 初始化mqtt, channel channel1, 配置 MqttProperties.Config(url=[tcp://139.159.156.48:1883], timeout=60, kepAliveInterval=60, qos=[0], topics=[/topic/test/msg], username=szdx, password=szdx123, clientIdPrefix=zkyc_tech_channel1_, async=true) 
2020-07-29 00:20:16.680 [main] INFO  com.xieyue.jwt.config.mqtt.MqttAutoConfiguration - 初始化mqtt Channel Adapter
2020-07-29 00:20:16.681 [main] INFO  com.xieyue.jwt.config.mqtt.MqttAutoConfiguration - 初始化mqtt MqttPahoMessageHandler
2020-07-29 00:20:16.707 [main] INFO  com.xieyue.jwt.config.mqtt.MqttAutoConfiguration - 初始化mqtt, channel channel2, 配置 MqttProperties.Config(url=[tcp://139.159.156.48:1883], timeout=60, kepAliveInterval=60, qos=[0, 0], topics=[/szdx/device/out/#, ndj2], username=szdx, password=szdx123, clientIdPrefix=zkyc_tech_channel2_, async=true) 
2020-07-29 00:20:16.708 [main] INFO  com.xieyue.jwt.config.mqtt.MqttAutoConfiguration - 初始化mqtt Channel Adapter
2020-07-29 00:20:16.709 [main] INFO  com.xieyue.jwt.config.mqtt.MqttAutoConfiguration - 初始化mqtt MqttPahoMessageHandler
2020-07-29 00:20:16.750 [main] INFO  o.s.scheduling.concurrent.ThreadPoolTaskScheduler - Initializing ExecutorService 'taskScheduler'
2020-07-29 00:20:16.987 [main] INFO  com.xieyue.jwt.config.ThreadPoolExecutorConfig - start asyncServiceExecutor
2020-07-29 00:20:16.996 [main] INFO  o.s.scheduling.concurrent.ThreadPoolTaskScheduler - Initializing ExecutorService 'messageBrokerTaskScheduler'
2020-07-29 00:20:17.023 [main] INFO  o.s.scheduling.concurrent.ThreadPoolTaskExecutor - Initializing ExecutorService 'brokerChannelExecutor'
2020-07-29 00:20:17.287 [main] INFO  t.mybatis.mapper.autoconfigure.MapperCacheDisabler - Clear tk.mybatis.mapper.util.MsUtil CLASS_CACHE cache.
2020-07-29 00:20:17.287 [main] INFO  t.mybatis.mapper.autoconfigure.MapperCacheDisabler - Clear tk.mybatis.mapper.genid.GenIdUtil CACHE cache.
2020-07-29 00:20:17.288 [main] INFO  t.mybatis.mapper.autoconfigure.MapperCacheDisabler - Clear tk.mybatis.mapper.version.VersionUtil CACHE cache.
2020-07-29 00:20:17.288 [main] INFO  t.mybatis.mapper.autoconfigure.MapperCacheDisabler - Clear EntityHelper entityTableMap cache.
2020-07-29 00:20:17.442 [main] INFO  o.s.integration.endpoint.EventDrivenConsumer - Adding {logging-channel-adapter:_org.springframework.integration.errorLogger} as a subscriber to the 'errorChannel' channel
2020-07-29 00:20:17.442 [main] INFO  o.s.integration.channel.PublishSubscribeChannel - Channel 'application.errorChannel' has 1 subscriber(s).
2020-07-29 00:20:17.442 [main] INFO  o.s.integration.endpoint.EventDrivenConsumer - started bean '_org.springframework.integration.errorLogger'
2020-07-29 00:20:17.442 [main] INFO  o.s.integration.endpoint.EventDrivenConsumer - Adding {service-activator:mqtt2MessageHandler.handleMessage.serviceActivator} as a subscriber to the 'channel2' channel
2020-07-29 00:20:17.442 [main] INFO  o.s.integration.channel.DirectChannel - Channel 'application.channel2' has 1 subscriber(s).
2020-07-29 00:20:17.442 [main] INFO  o.s.integration.endpoint.EventDrivenConsumer - started bean 'mqtt2MessageHandler.handleMessage.serviceActivator'
2020-07-29 00:20:17.442 [main] INFO  o.s.integration.endpoint.EventDrivenConsumer - Adding {service-activator:mqttMessageHandler.handleMessage.serviceActivator} as a subscriber to the 'channel1' channel
2020-07-29 00:20:17.442 [main] INFO  o.s.integration.channel.DirectChannel - Channel 'application.channel1' has 1 subscriber(s).
2020-07-29 00:20:17.442 [main] INFO  o.s.integration.endpoint.EventDrivenConsumer - started bean 'mqttMessageHandler.handleMessage.serviceActivator'
2020-07-29 00:20:17.443 [main] INFO  o.s.i.g.GatewayProxyFactoryBean$MethodInvocationGateway - started bean 'mqttGateway'
2020-07-29 00:20:17.443 [main] INFO  o.s.i.g.GatewayProxyFactoryBean$MethodInvocationGateway - started bean 'mqttGateway'
2020-07-29 00:20:17.443 [main] INFO  o.s.i.g.GatewayProxyFactoryBean$MethodInvocationGateway - started bean 'mqttGateway'
2020-07-29 00:20:17.443 [main] INFO  o.s.integration.gateway.GatewayProxyFactoryBean - started bean 'mqttGateway'
2020-07-29 00:20:17.945 [main] INFO  o.s.i.m.i.MqttPahoMessageDrivenChannelAdapter - started bean 'channel1MqttChannelAdapter'
2020-07-29 00:20:18.397 [main] INFO  o.s.i.m.i.MqttPahoMessageDrivenChannelAdapter - started bean 'channel2MqttChannelAdapter'
2020-07-29 00:20:18.397 [main] INFO  o.s.m.simp.broker.SimpleBrokerMessageHandler - Starting...
2020-07-29 00:20:18.398 [main] INFO  o.s.m.simp.broker.SimpleBrokerMessageHandler - BrokerAvailabilityEvent[available=true, SimpleBrokerMessageHandler [DefaultSubscriptionRegistry[cache[0 destination(s)], registry[0 sessions]]]]
2020-07-29 00:20:18.398 [main] INFO  o.s.m.simp.broker.SimpleBrokerMessageHandler - Started.
2020-07-29 00:20:18.417 [main] INFO  org.apache.coyote.http11.Http11NioProtocol - Starting ProtocolHandler ["http-nio-8010"]
2020-07-29 00:20:18.479 [main] INFO  o.s.boot.web.embedded.tomcat.TomcatWebServer - Tomcat started on port(s): 8010 (http) with context path ''
2020-07-29 00:20:18.482 [main] INFO  com.xieyue.jwt.JwtApplication - Started JwtApplication in 3.852 seconds (JVM running for 4.459)
2020-07-29 00:20:24.378 [http-nio-8010-exec-1] INFO  o.a.c.core.ContainerBase.[Tomcat].[localhost].[/] - Initializing Spring DispatcherServlet 'dispatcherServlet'
2020-07-29 00:20:24.378 [http-nio-8010-exec-1] INFO  org.springframework.web.servlet.DispatcherServlet - Initializing Servlet 'dispatcherServlet'
2020-07-29 00:20:24.384 [http-nio-8010-exec-1] INFO  org.springframework.web.servlet.DispatcherServlet - Completed initialization in 6 ms
2020-07-29 00:20:24.556 [http-nio-8010-exec-1] INFO  com.alibaba.druid.pool.DruidDataSource - {dataSource-1} inited
2020-07-29 00:20:36.527 [MQTT Call: zkyc_tech_channel2_3e92309c045f4871a059c59dabcd43f5] INFO  o.s.i.handler.support.MessagingMethodInvokerHelper - Overriding default instance of MessageHandlerMethodFactory with provided one.
2020-07-29 00:21:17.024 [MessageBroker-1] INFO  o.s.web.socket.config.WebSocketMessageBrokerStats - WebSocketSession[0 current WS(0)-HttpStream(0)-HttpPoll(0), 0 total, 0 closed abnormally (0 connect failure, 0 send limit, 0 transport error)], stompSubProtocol[processed CONNECT(0)-CONNECTED(0)-DISCONNECT(0)], stompBrokerRelay[null], inboundChannel[pool size = 0, active threads = 0, queued tasks = 0, completed tasks = 0], outboundChannel[pool size = 0, active threads = 0, queued tasks = 0, completed tasks = 0], sockJsScheduler[pool size = 1, active threads = 1, queued tasks = 0, completed tasks = 0]
2020-07-29 00:27:29.461 [SpringContextShutdownHook] INFO  o.s.m.simp.broker.SimpleBrokerMessageHandler - Stopping...
2020-07-29 00:27:29.461 [SpringContextShutdownHook] INFO  o.s.m.simp.broker.SimpleBrokerMessageHandler - BrokerAvailabilityEvent[available=false, SimpleBrokerMessageHandler [DefaultSubscriptionRegistry[cache[0 destination(s)], registry[0 sessions]]]]
2020-07-29 00:27:29.461 [SpringContextShutdownHook] INFO  o.s.m.simp.broker.SimpleBrokerMessageHandler - Stopped.
2020-07-29 00:27:34.509 [SpringContextShutdownHook] INFO  o.s.i.m.i.MqttPahoMessageDrivenChannelAdapter - stopped bean 'channel1MqttChannelAdapter'
2020-07-29 00:27:39.558 [SpringContextShutdownHook] INFO  o.s.i.m.i.MqttPahoMessageDrivenChannelAdapter - stopped bean 'channel2MqttChannelAdapter'
2020-07-29 00:27:39.560 [SpringContextShutdownHook] INFO  o.s.i.g.GatewayProxyFactoryBean$MethodInvocationGateway - stopped bean 'mqttGateway'
2020-07-29 00:27:39.560 [SpringContextShutdownHook] INFO  o.s.i.g.GatewayProxyFactoryBean$MethodInvocationGateway - stopped bean 'mqttGateway'
2020-07-29 00:27:39.561 [SpringContextShutdownHook] INFO  o.s.i.g.GatewayProxyFactoryBean$MethodInvocationGateway - stopped bean 'mqttGateway'
2020-07-29 00:27:39.561 [SpringContextShutdownHook] INFO  o.s.integration.gateway.GatewayProxyFactoryBean - stopped bean 'mqttGateway'
2020-07-29 00:27:39.562 [SpringContextShutdownHook] INFO  o.s.integration.endpoint.EventDrivenConsumer - Removing {logging-channel-adapter:_org.springframework.integration.errorLogger} as a subscriber to the 'errorChannel' channel
2020-07-29 00:27:39.562 [SpringContextShutdownHook] INFO  o.s.integration.channel.PublishSubscribeChannel - Channel 'application.errorChannel' has 0 subscriber(s).
2020-07-29 00:27:39.562 [SpringContextShutdownHook] INFO  o.s.integration.endpoint.EventDrivenConsumer - stopped bean '_org.springframework.integration.errorLogger'
2020-07-29 00:27:39.562 [SpringContextShutdownHook] INFO  o.s.integration.endpoint.EventDrivenConsumer - Removing {service-activator:mqtt2MessageHandler.handleMessage.serviceActivator} as a subscriber to the 'channel2' channel
2020-07-29 00:27:39.563 [SpringContextShutdownHook] INFO  o.s.integration.channel.DirectChannel - Channel 'application.channel2' has 0 subscriber(s).
2020-07-29 00:27:39.563 [SpringContextShutdownHook] INFO  o.s.integration.endpoint.EventDrivenConsumer - stopped bean 'mqtt2MessageHandler.handleMessage.serviceActivator'
2020-07-29 00:27:39.563 [SpringContextShutdownHook] INFO  o.s.integration.endpoint.EventDrivenConsumer - Removing {service-activator:mqttMessageHandler.handleMessage.serviceActivator} as a subscriber to the 'channel1' channel
2020-07-29 00:27:39.563 [SpringContextShutdownHook] INFO  o.s.integration.channel.DirectChannel - Channel 'application.channel1' has 0 subscriber(s).
2020-07-29 00:27:39.564 [SpringContextShutdownHook] INFO  o.s.integration.endpoint.EventDrivenConsumer - stopped bean 'mqttMessageHandler.handleMessage.serviceActivator'
2020-07-29 00:27:39.571 [SpringContextShutdownHook] INFO  o.s.scheduling.concurrent.ThreadPoolTaskExecutor - Shutting down ExecutorService 'brokerChannelExecutor'
2020-07-29 00:27:39.572 [SpringContextShutdownHook] INFO  o.s.scheduling.concurrent.ThreadPoolTaskScheduler - Shutting down ExecutorService 'messageBrokerTaskScheduler'
2020-07-29 00:27:39.574 [SpringContextShutdownHook] INFO  com.xieyue.jwt.thread.TaskThreadPool - terminated: 线程池关闭！
2020-07-29 00:27:39.600 [SpringContextShutdownHook] INFO  com.alibaba.druid.pool.DruidDataSource - {dataSource-1} closed
2020-07-29 00:27:39.601 [SpringContextShutdownHook] INFO  o.s.scheduling.concurrent.ThreadPoolTaskScheduler - Shutting down ExecutorService 'taskScheduler'
2020-07-29 00:27:39.602 [SpringContextShutdownHook] INFO  o.s.scheduling.concurrent.ThreadPoolTaskExecutor - Shutting down ExecutorService 'clientOutboundChannelExecutor'
2020-07-29 00:27:39.602 [SpringContextShutdownHook] INFO  o.s.scheduling.concurrent.ThreadPoolTaskExecutor - Shutting down ExecutorService 'clientInboundChannelExecutor'
